app/build 3/intermediates/manifest_merge_blame_file/debug/manifest-merger-blame-debug-report 2.txt
1<?xml version="1.0" encoding="utf-8"?>
2<manifest xmlns:android="http://schemas.android.com/apk/res/android"
3    package="com.pro.fitnessappproject"
4    android:versionCode="1"
5    android:versionName="1.0" >
6
7    <uses-sdk
8        android:minSdkVersion="19"
8-->src/main/AndroidManifest.xml
9        android:targetSdkVersion="30" />
9-->src/main/AndroidManifest.xml
10
11    <application
11-->src/main/AndroidManifest.xml:5:5-29:19
12        android:allowBackup="true"
12-->src/main/AndroidManifest.xml:6:9-35
13        android:appComponentFactory="androidx.core.app.CoreComponentFactory"
13-->[androidx.core:core:1.5.0] AndroidManifest.xml:24:18-86
14        android:debuggable="true"
15        android:icon="@mipmap/ic_launcher"
15-->src/main/AndroidManifest.xml:7:9-43
16        android:label="@string/app_name"
16-->src/main/AndroidManifest.xml:8:9-41
17        android:roundIcon="@mipmap/ic_launcher_round"
17-->src/main/AndroidManifest.xml:9:9-54
18        android:supportsRtl="true"
18-->src/main/AndroidManifest.xml:10:9-35
19        android:testOnly="true"
20        android:theme="@style/AppTheme" >
20-->src/main/AndroidManifest.xml:11:9-40
21        <activity android:name="com.pro.fitnessappproject.DietActivity" />
21-->src/main/AndroidManifest.xml:12:9-59
21-->src/main/AndroidManifest.xml:12:19-47
22        <activity android:name="com.pro.fitnessappproject.LevelActivity" />
22-->src/main/AndroidManifest.xml:13:9-51
22-->src/main/AndroidManifest.xml:13:19-48
23        <activity android:name="com.pro.fitnessappproject.GoalWeightActivity" />
23-->src/main/AndroidManifest.xml:14:9-56
23-->src/main/AndroidManifest.xml:14:19-53
24        <activity android:name="com.pro.fitnessappproject.WeightActivity" />
24-->src/main/AndroidManifest.xml:15:9-52
24-->src/main/AndroidManifest.xml:15:19-49
25        <activity android:name="com.pro.fitnessappproject.HeightActivity" />
25-->src/main/AndroidManifest.xml:16:9-52
25-->src/main/AndroidManifest.xml:16:19-49
26        <activity android:name="com.pro.fitnessappproject.AgeActivity" />
26-->src/main/AndroidManifest.xml:17:9-49
26-->src/main/AndroidManifest.xml:17:19-46
27        <activity android:name="com.pro.fitnessappproject.MotivateActivity" />
27-->src/main/AndroidManifest.xml:18:9-54
27-->src/main/AndroidManifest.xml:18:19-51
28        <activity android:name="com.pro.fitnessappproject.BodyAimActivity" />
28-->src/main/AndroidManifest.xml:19:9-53
28-->src/main/AndroidManifest.xml:19:19-50
29        <activity android:name="com.pro.fitnessappproject.SexChoosingActivity" />
29-->src/main/AndroidManifest.xml:20:9-57
29-->src/main/AndroidManifest.xml:20:19-54
30        <activity android:name="com.pro.fitnessappproject.LoginActivity" />
30-->src/main/AndroidManifest.xml:21:9-51
30-->src/main/AndroidManifest.xml:21:19-48
31        <activity android:name="com.pro.fitnessappproject.MainActivity" >
31-->src/main/AndroidManifest.xml:22:9-28:20
31-->src/main/AndroidManifest.xml:22:19-47
32            <intent-filter>
32-->src/main/AndroidManifest.xml:23:13-27:29
33                <action android:name="android.intent.action.MAIN" />
33-->src/main/AndroidManifest.xml:24:17-69
33-->src/main/AndroidManifest.xml:24:25-66
34
35                <category android:name="android.intent.category.LAUNCHER" />
35-->src/main/AndroidManifest.xml:26:17-77
35-->src/main/AndroidManifest.xml:26:27-74
36            </intent-filter>
37        </activity>
38    </application>
39
40</manifest>